<?xml version="1.0" encoding="UTF-8"?>
<!-- Generated by org.testng.reporters.JUnitReportReporter -->
<testsuite hostname="DESKTOP-0D017F8" name="mil.dtic.selenium.RunTest" tests="1" failures="0" timestamp="16 Oct 2021 15:18:29 GMT" time="39.053" errors="0">
  <testcase name="readExcel" time="39.053" classname="mil.dtic.selenium.RunTest"/>
</testsuite> <!-- mil.dtic.selenium.RunTest -->
